<?xml version="1.0" encoding="UTF-8"?>
<testng-results ignored="0" total="2" passed="2" failed="0" skipped="0">
  <reporter-output>
  </reporter-output>
  <suite started-at="2021-03-26T16:24:36Z" name="Flipkart Test Suite" finished-at="2021-03-26T16:25:12Z" duration-ms="35795">
    <groups>
    </groups>
    <test started-at="2021-03-26T16:24:36Z" name="Test Automation" finished-at="2021-03-26T16:25:12Z" duration-ms="35795">
      <class name="com.Flipkart.testcases.FlipkartTest">
        <test-method is-config="true" signature="setup()[pri:0, instance:com.Flipkart.testcases.FlipkartTest@57250572]" started-at="2021-03-26T16:24:36Z" name="setup" finished-at="2021-03-26T16:24:41Z" duration-ms="4341" status="PASS">
          <reporter-output>
          </reporter-output>
        </test-method> <!-- setup -->
        <test-method signature="HomepageValidation()[pri:1, instance:com.Flipkart.testcases.FlipkartTest@57250572]" started-at="2021-03-26T16:24:41Z" name="HomepageValidation" finished-at="2021-03-26T16:24:42Z" duration-ms="1378" status="PASS">
          <reporter-output>
          </reporter-output>
        </test-method> <!-- HomepageValidation -->
        <test-method is-config="true" signature="tearDown()[pri:0, instance:com.Flipkart.testcases.FlipkartTest@57250572]" started-at="2021-03-26T16:24:42Z" name="tearDown" finished-at="2021-03-26T16:24:42Z" duration-ms="108" status="PASS">
          <reporter-output>
          </reporter-output>
        </test-method> <!-- tearDown -->
        <test-method is-config="true" signature="setup()[pri:0, instance:com.Flipkart.testcases.FlipkartTest@57250572]" started-at="2021-03-26T16:24:42Z" name="setup" finished-at="2021-03-26T16:24:46Z" duration-ms="4203" status="PASS">
          <reporter-output>
          </reporter-output>
        </test-method> <!-- setup -->
        <test-method signature="ApplyFilters()[pri:2, instance:com.Flipkart.testcases.FlipkartTest@57250572]" started-at="2021-03-26T16:24:46Z" name="ApplyFilters" finished-at="2021-03-26T16:25:12Z" duration-ms="25614" status="PASS">
          <reporter-output>
          </reporter-output>
        </test-method> <!-- ApplyFilters -->
        <test-method is-config="true" signature="tearDown()[pri:0, instance:com.Flipkart.testcases.FlipkartTest@57250572]" started-at="2021-03-26T16:25:12Z" name="tearDown" finished-at="2021-03-26T16:25:12Z" duration-ms="130" status="PASS">
          <reporter-output>
          </reporter-output>
        </test-method> <!-- tearDown -->
      </class> <!-- com.Flipkart.testcases.FlipkartTest -->
    </test> <!-- Test Automation -->
  </suite> <!-- Flipkart Test Suite -->
</testng-results>
