<?xml version="1.0" encoding="UTF-8"?>
<!-- Generated by org.testng.reporters.JUnitXMLReporter -->
<testsuite ignored="0" hostname="Rohits-MacBook-Pro.local" failures="0" tests="2" name="Test Automation" time="35.795" errors="0" timestamp="26 Mar 2021 16:25:12 GMT">
  <testcase classname="com.Flipkart.testcases.FlipkartTest" name="HomepageValidation" time="1.378"/>
  <testcase classname="com.Flipkart.testcases.FlipkartTest" name="ApplyFilters" time="25.614"/>
</testsuite> <!-- Test Automation -->
